<?xml version="1.0" encoding="UTF-8"?>
<testsuite xmlns:xsi="http://www.w3.org/2001/XMLSchema-instance" xsi:noNamespaceSchemaLocation="https://maven.apache.org/surefire/maven-surefire-plugin/xsd/surefire-test-report.xsd" name="io.nebulas.apitest.ApiTestBootstrapTest" time="0.001" tests="1" errors="0" skipped="0" failures="0">
  <properties>
    <property name="gopherProxySet" value="false"/>
    <property name="awt.toolkit" value="sun.lwawt.macosx.LWCToolkit"/>
    <property name="socksProxyHost" value="127.0.0.1"/>
    <property name="http.proxyHost" value="127.0.0.1"/>
    <property name="java.specification.version" value="1.8"/>
    <property name="file.encoding.pkg" value="sun.io"/>
    <property name="sun.cpu.isalist" value=""/>
    <property name="sun.jnu.encoding" value="UTF-8"/>
    <property name="java.class.path" value="/Users/lisanaaa/Desktop/apitest/target/test-classes:/Users/lisanaaa/Desktop/apitest/target/classes:/Users/lisanaaa/.m2/repository/io/rest-assured/spring-mock-mvc/3.1.0/spring-mock-mvc-3.1.0.jar:/Users/lisanaaa/.m2/repository/org/springframework/spring-webmvc/4.3.13.RELEASE/spring-webmvc-4.3.13.RELEASE.jar:/Users/lisanaaa/.m2/repository/org/springframework/spring-aop/4.3.13.RELEASE/spring-aop-4.3.13.RELEASE.jar:/Users/lisanaaa/.m2/repository/org/springframework/spring-beans/4.3.13.RELEASE/spring-beans-4.3.13.RELEASE.jar:/Users/lisanaaa/.m2/repository/org/springframework/spring-context/4.3.13.RELEASE/spring-context-4.3.13.RELEASE.jar:/Users/lisanaaa/.m2/repository/org/springframework/spring-expression/4.3.13.RELEASE/spring-expression-4.3.13.RELEASE.jar:/Users/lisanaaa/.m2/repository/org/springframework/spring-web/4.3.13.RELEASE/spring-web-4.3.13.RELEASE.jar:/Users/lisanaaa/.m2/repository/io/nebulas/wallet-web/1.0-SNAPSHOT/wallet-web-1.0-SNAPSHOT.jar:/Users/lisanaaa/.m2/repository/io/nebulas/wallet-service/1.1.9/wallet-service-1.1.9.jar:/Users/lisanaaa/.m2/repository/io/nebulas/wallet-common/1.0.0/wallet-common-1.0.0.jar:/Users/lisanaaa/.m2/repository/org/bouncycastle/bcpkix-jdk15on/1.56/bcpkix-jdk15on-1.56.jar:/Users/lisanaaa/.m2/repository/org/bouncycastle/bcprov-jdk15on/1.56/bcprov-jdk15on-1.56.jar:/Users/lisanaaa/.m2/repository/org/springframework/boot/spring-boot-starter-web/1.5.2.RELEASE/spring-boot-starter-web-1.5.2.RELEASE.jar:/Users/lisanaaa/.m2/repository/org/springframework/boot/spring-boot-starter/1.5.9.RELEASE/spring-boot-starter-1.5.9.RELEASE.jar:/Users/lisanaaa/.m2/repository/org/springframework/boot/spring-boot-autoconfigure/1.5.9.RELEASE/spring-boot-autoconfigure-1.5.9.RELEASE.jar:/Users/lisanaaa/.m2/repository/org/springframework/boot/spring-boot-starter-logging/1.5.9.RELEASE/spring-boot-starter-logging-1.5.9.RELEASE.jar:/Users/lisanaaa/.m2/repository/ch/qos/logback/logback-classic/1.1.11/logback-classic-1.1.11.jar:/Users/lisanaaa/.m2/repository/ch/qos/logback/logback-core/1.1.11/logback-core-1.1.11.jar:/Users/lisanaaa/.m2/repository/org/slf4j/jcl-over-slf4j/1.7.25/jcl-over-slf4j-1.7.25.jar:/Users/lisanaaa/.m2/repository/org/slf4j/jul-to-slf4j/1.7.25/jul-to-slf4j-1.7.25.jar:/Users/lisanaaa/.m2/repository/org/slf4j/log4j-over-slf4j/1.7.25/log4j-over-slf4j-1.7.25.jar:/Users/lisanaaa/.m2/repository/org/yaml/snakeyaml/1.17/snakeyaml-1.17.jar:/Users/lisanaaa/.m2/repository/org/springframework/boot/spring-boot-starter-tomcat/1.5.9.RELEASE/spring-boot-starter-tomcat-1.5.9.RELEASE.jar:/Users/lisanaaa/.m2/repository/org/apache/tomcat/embed/tomcat-embed-core/8.5.23/tomcat-embed-core-8.5.23.jar:/Users/lisanaaa/.m2/repository/org/apache/tomcat/tomcat-annotations-api/8.5.23/tomcat-annotations-api-8.5.23.jar:/Users/lisanaaa/.m2/repository/org/apache/tomcat/embed/tomcat-embed-el/8.5.23/tomcat-embed-el-8.5.23.jar:/Users/lisanaaa/.m2/repository/org/apache/tomcat/embed/tomcat-embed-websocket/8.5.23/tomcat-embed-websocket-8.5.23.jar:/Users/lisanaaa/.m2/repository/org/hibernate/hibernate-validator/5.3.6.Final/hibernate-validator-5.3.6.Final.jar:/Users/lisanaaa/.m2/repository/org/jboss/logging/jboss-logging/3.3.1.Final/jboss-logging-3.3.1.Final.jar:/Users/lisanaaa/.m2/repository/com/fasterxml/jackson/core/jackson-databind/2.8.10/jackson-databind-2.8.10.jar:/Users/lisanaaa/.m2/repository/com/fasterxml/jackson/core/jackson-annotations/2.8.0/jackson-annotations-2.8.0.jar:/Users/lisanaaa/.m2/repository/com/fasterxml/jackson/core/jackson-core/2.8.10/jackson-core-2.8.10.jar:/Users/lisanaaa/.m2/repository/org/springframework/boot/spring-boot-starter-aop/1.5.2.RELEASE/spring-boot-starter-aop-1.5.2.RELEASE.jar:/Users/lisanaaa/.m2/repository/org/aspectj/aspectjweaver/1.8.13/aspectjweaver-1.8.13.jar:/Users/lisanaaa/.m2/repository/javax/validation/validation-api/1.1.0.Final/validation-api-1.1.0.Final.jar:/Users/lisanaaa/.m2/repository/org/mybatis/spring/boot/mybatis-spring-boot-starter/1.1.1/mybatis-spring-boot-starter-1.1.1.jar:/Users/lisanaaa/.m2/repository/org/mybatis/spring/boot/mybatis-spring-boot-autoconfigure/1.1.1/mybatis-spring-boot-autoconfigure-1.1.1.jar:/Users/lisanaaa/.m2/repository/org/mybatis/mybatis/3.4.0/mybatis-3.4.0.jar:/Users/lisanaaa/.m2/repository/org/mybatis/mybatis-spring/1.3.0/mybatis-spring-1.3.0.jar:/Users/lisanaaa/.m2/repository/org/springframework/boot/spring-boot-starter-jdbc/1.5.9.RELEASE/spring-boot-starter-jdbc-1.5.9.RELEASE.jar:/Users/lisanaaa/.m2/repository/org/apache/tomcat/tomcat-jdbc/8.5.23/tomcat-jdbc-8.5.23.jar:/Users/lisanaaa/.m2/repository/org/apache/tomcat/tomcat-juli/8.5.23/tomcat-juli-8.5.23.jar:/Users/lisanaaa/.m2/repository/org/springframework/spring-jdbc/4.3.13.RELEASE/spring-jdbc-4.3.13.RELEASE.jar:/Users/lisanaaa/.m2/repository/org/springframework/spring-tx/4.3.13.RELEASE/spring-tx-4.3.13.RELEASE.jar:/Users/lisanaaa/.m2/repository/mysql/mysql-connector-java/5.1.44/mysql-connector-java-5.1.44.jar:/Users/lisanaaa/.m2/repository/com/alibaba/druid/1.1.3/druid-1.1.3.jar:/Library/Java/JavaVirtualMachines/jdk1.8.0_162.jdk/Contents/Home/jre/../lib/jconsole.jar:/Library/Java/JavaVirtualMachines/jdk1.8.0_162.jdk/Contents/Home/jre/../lib/tools.jar:/Users/lisanaaa/.m2/repository/org/apache/commons/commons-collections4/4.1/commons-collections4-4.1.jar:/Users/lisanaaa/.m2/repository/org/apache/commons/commons-lang3/3.5/commons-lang3-3.5.jar:/Users/lisanaaa/.m2/repository/joda-time/joda-time/2.9.7/joda-time-2.9.7.jar:/Users/lisanaaa/.m2/repository/com/alibaba/fastjson/1.2.41/fastjson-1.2.41.jar:/Users/lisanaaa/.m2/repository/io/springfox/springfox-swagger2/2.8.0/springfox-swagger2-2.8.0.jar:/Users/lisanaaa/.m2/repository/io/swagger/swagger-annotations/1.5.14/swagger-annotations-1.5.14.jar:/Users/lisanaaa/.m2/repository/io/swagger/swagger-models/1.5.14/swagger-models-1.5.14.jar:/Users/lisanaaa/.m2/repository/io/springfox/springfox-spi/2.8.0/springfox-spi-2.8.0.jar:/Users/lisanaaa/.m2/repository/io/springfox/springfox-core/2.8.0/springfox-core-2.8.0.jar:/Users/lisanaaa/.m2/repository/net/bytebuddy/byte-buddy/1.7.9/byte-buddy-1.7.9.jar:/Users/lisanaaa/.m2/repository/io/springfox/springfox-schema/2.8.0/springfox-schema-2.8.0.jar:/Users/lisanaaa/.m2/repository/io/springfox/springfox-swagger-common/2.8.0/springfox-swagger-common-2.8.0.jar:/Users/lisanaaa/.m2/repository/io/springfox/springfox-spring-web/2.8.0/springfox-spring-web-2.8.0.jar:/Users/lisanaaa/.m2/repository/org/reflections/reflections/0.9.11/reflections-0.9.11.jar:/Users/lisanaaa/.m2/repository/org/javassist/javassist/3.21.0-GA/javassist-3.21.0-GA.jar:/Users/lisanaaa/.m2/repository/com/fasterxml/classmate/1.3.4/classmate-1.3.4.jar:/Users/lisanaaa/.m2/repository/org/slf4j/slf4j-api/1.7.25/slf4j-api-1.7.25.jar:/Users/lisanaaa/.m2/repository/org/springframework/plugin/spring-plugin-core/1.2.0.RELEASE/spring-plugin-core-1.2.0.RELEASE.jar:/Users/lisanaaa/.m2/repository/org/springframework/plugin/spring-plugin-metadata/1.2.0.RELEASE/spring-plugin-metadata-1.2.0.RELEASE.jar:/Users/lisanaaa/.m2/repository/org/mapstruct/mapstruct/1.2.0.Final/mapstruct-1.2.0.Final.jar:/Users/lisanaaa/.m2/repository/io/springfox/springfox-swagger-ui/2.8.0/springfox-swagger-ui-2.8.0.jar:/Users/lisanaaa/.m2/repository/com/squareup/okhttp3/okhttp/3.4.2/okhttp-3.4.2.jar:/Users/lisanaaa/.m2/repository/com/squareup/okio/okio/1.9.0/okio-1.9.0.jar:/Users/lisanaaa/.m2/repository/com/squareup/okhttp3/logging-interceptor/3.4.2/logging-interceptor-3.4.2.jar:/Users/lisanaaa/.m2/repository/com/squareup/retrofit2/retrofit/2.1.0/retrofit-2.1.0.jar:/Users/lisanaaa/.m2/repository/com/squareup/retrofit2/adapter-rxjava/2.1.0/adapter-rxjava-2.1.0.jar:/Users/lisanaaa/.m2/repository/io/reactivex/rxjava/1.1.5/rxjava-1.1.5.jar:/Users/lisanaaa/.m2/repository/com/squareup/retrofit2/converter-simplexml/2.1.0/converter-simplexml-2.1.0.jar:/Users/lisanaaa/.m2/repository/com/squareup/retrofit2/converter-gson/2.3.0/converter-gson-2.3.0.jar:/Users/lisanaaa/.m2/repository/com/google/code/gson/gson/2.8.2/gson-2.8.2.jar:/Users/lisanaaa/.m2/repository/org/simpleframework/simple-xml/2.7.1/simple-xml-2.7.1.jar:/Users/lisanaaa/.m2/repository/stax/stax-api/1.0.1/stax-api-1.0.1.jar:/Users/lisanaaa/.m2/repository/stax/stax/1.2.0/stax-1.2.0.jar:/Users/lisanaaa/.m2/repository/xpp3/xpp3/1.1.3.3/xpp3-1.1.3.3.jar:/Users/lisanaaa/.m2/repository/io/grpc/grpc-all/1.10.0/grpc-all-1.10.0.jar:/Users/lisanaaa/.m2/repository/io/grpc/grpc-auth/1.10.0/grpc-auth-1.10.0.jar:/Users/lisanaaa/.m2/repository/com/google/auth/google-auth-library-credentials/0.9.0/google-auth-library-credentials-0.9.0.jar:/Users/lisanaaa/.m2/repository/io/grpc/grpc-core/1.10.0/grpc-core-1.10.0.jar:/Users/lisanaaa/.m2/repository/io/opencensus/opencensus-api/0.11.0/opencensus-api-0.11.0.jar:/Users/lisanaaa/.m2/repository/io/opencensus/opencensus-contrib-grpc-metrics/0.11.0/opencensus-contrib-grpc-metrics-0.11.0.jar:/Users/lisanaaa/.m2/repository/io/grpc/grpc-context/1.10.0/grpc-context-1.10.0.jar:/Users/lisanaaa/.m2/repository/io/grpc/grpc-netty/1.10.0/grpc-netty-1.10.0.jar:/Users/lisanaaa/.m2/repository/io/netty/netty-codec-http2/4.1.17.Final/netty-codec-http2-4.1.17.Final.jar:/Users/lisanaaa/.m2/repository/io/netty/netty-codec-http/4.1.17.Final/netty-codec-http-4.1.17.Final.jar:/Users/lisanaaa/.m2/repository/io/netty/netty-codec/4.1.17.Final/netty-codec-4.1.17.Final.jar:/Users/lisanaaa/.m2/repository/io/netty/netty-handler/4.1.17.Final/netty-handler-4.1.17.Final.jar:/Users/lisanaaa/.m2/repository/io/netty/netty-buffer/4.1.17.Final/netty-buffer-4.1.17.Final.jar:/Users/lisanaaa/.m2/repository/io/netty/netty-common/4.1.17.Final/netty-common-4.1.17.Final.jar:/Users/lisanaaa/.m2/repository/io/netty/netty-handler-proxy/4.1.17.Final/netty-handler-proxy-4.1.17.Final.jar:/Users/lisanaaa/.m2/repository/io/netty/netty-transport/4.1.17.Final/netty-transport-4.1.17.Final.jar:/Users/lisanaaa/.m2/repository/io/netty/netty-resolver/4.1.17.Final/netty-resolver-4.1.17.Final.jar:/Users/lisanaaa/.m2/repository/io/netty/netty-codec-socks/4.1.17.Final/netty-codec-socks-4.1.17.Final.jar:/Users/lisanaaa/.m2/repository/io/grpc/grpc-okhttp/1.10.0/grpc-okhttp-1.10.0.jar:/Users/lisanaaa/.m2/repository/com/squareup/okhttp/okhttp/2.5.0/okhttp-2.5.0.jar:/Users/lisanaaa/.m2/repository/io/grpc/grpc-protobuf/1.10.0/grpc-protobuf-1.10.0.jar:/Users/lisanaaa/.m2/repository/com/google/protobuf/protobuf-java/3.5.1/protobuf-java-3.5.1.jar:/Users/lisanaaa/.m2/repository/com/google/protobuf/protobuf-java-util/3.5.1/protobuf-java-util-3.5.1.jar:/Users/lisanaaa/.m2/repository/com/google/api/grpc/proto-google-common-protos/1.0.0/proto-google-common-protos-1.0.0.jar:/Users/lisanaaa/.m2/repository/io/grpc/grpc-protobuf-lite/1.10.0/grpc-protobuf-lite-1.10.0.jar:/Users/lisanaaa/.m2/repository/io/grpc/grpc-protobuf-nano/1.10.0/grpc-protobuf-nano-1.10.0.jar:/Users/lisanaaa/.m2/repository/com/google/protobuf/nano/protobuf-javanano/3.0.0-alpha-5/protobuf-javanano-3.0.0-alpha-5.jar:/Users/lisanaaa/.m2/repository/io/grpc/grpc-stub/1.10.0/grpc-stub-1.10.0.jar:/Users/lisanaaa/.m2/repository/io/grpc/grpc-testing/1.10.0/grpc-testing-1.10.0.jar:/Users/lisanaaa/.m2/repository/org/mockito/mockito-core/1.10.19/mockito-core-1.10.19.jar:/Users/lisanaaa/.m2/repository/org/objenesis/objenesis/2.1/objenesis-2.1.jar:/Users/lisanaaa/.m2/repository/org/projectlombok/lombok/1.16.16/lombok-1.16.16.jar:/Users/lisanaaa/.m2/repository/io/rest-assured/rest-assured/3.1.0/rest-assured-3.1.0.jar:/Users/lisanaaa/.m2/repository/org/codehaus/groovy/groovy/2.4.13/groovy-2.4.13.jar:/Users/lisanaaa/.m2/repository/org/codehaus/groovy/groovy-xml/2.4.13/groovy-xml-2.4.13.jar:/Users/lisanaaa/.m2/repository/org/apache/httpcomponents/httpclient/4.5.3/httpclient-4.5.3.jar:/Users/lisanaaa/.m2/repository/org/apache/httpcomponents/httpcore/4.4.8/httpcore-4.4.8.jar:/Users/lisanaaa/.m2/repository/commons-codec/commons-codec/1.10/commons-codec-1.10.jar:/Users/lisanaaa/.m2/repository/org/apache/httpcomponents/httpmime/4.5.3/httpmime-4.5.3.jar:/Users/lisanaaa/.m2/repository/org/hamcrest/hamcrest-core/1.3/hamcrest-core-1.3.jar:/Users/lisanaaa/.m2/repository/org/hamcrest/hamcrest-library/1.3/hamcrest-library-1.3.jar:/Users/lisanaaa/.m2/repository/org/ccil/cowan/tagsoup/tagsoup/1.2.1/tagsoup-1.2.1.jar:/Users/lisanaaa/.m2/repository/io/rest-assured/json-path/3.1.0/json-path-3.1.0.jar:/Users/lisanaaa/.m2/repository/org/codehaus/groovy/groovy-json/2.4.13/groovy-json-2.4.13.jar:/Users/lisanaaa/.m2/repository/io/rest-assured/rest-assured-common/3.1.0/rest-assured-common-3.1.0.jar:/Users/lisanaaa/.m2/repository/io/rest-assured/xml-path/3.1.0/xml-path-3.1.0.jar:/Users/lisanaaa/.m2/repository/javax/xml/bind/jaxb-api/2.2.12/jaxb-api-2.2.12.jar:/Users/lisanaaa/.m2/repository/io/rest-assured/json-schema-validator/3.1.0/json-schema-validator-3.1.0.jar:/Users/lisanaaa/.m2/repository/com/github/fge/json-schema-validator/2.2.6/json-schema-validator-2.2.6.jar:/Users/lisanaaa/.m2/repository/com/googlecode/libphonenumber/libphonenumber/6.2/libphonenumber-6.2.jar:/Users/lisanaaa/.m2/repository/com/github/fge/json-schema-core/1.2.5/json-schema-core-1.2.5.jar:/Users/lisanaaa/.m2/repository/com/github/fge/uri-template/0.9/uri-template-0.9.jar:/Users/lisanaaa/.m2/repository/com/github/fge/msg-simple/1.1/msg-simple-1.1.jar:/Users/lisanaaa/.m2/repository/com/github/fge/btf/1.2/btf-1.2.jar:/Users/lisanaaa/.m2/repository/com/github/fge/jackson-coreutils/1.8/jackson-coreutils-1.8.jar:/Users/lisanaaa/.m2/repository/org/mozilla/rhino/1.7R4/rhino-1.7R4.jar:/Users/lisanaaa/.m2/repository/javax/mail/mailapi/1.4.3/mailapi-1.4.3.jar:/Users/lisanaaa/.m2/repository/javax/activation/activation/1.1/activation-1.1.jar:/Users/lisanaaa/.m2/repository/net/sf/jopt-simple/jopt-simple/4.6/jopt-simple-4.6.jar:/Users/lisanaaa/.m2/repository/com/google/guava/guava/23.0/guava-23.0.jar:/Users/lisanaaa/.m2/repository/com/google/code/findbugs/jsr305/1.3.9/jsr305-1.3.9.jar:/Users/lisanaaa/.m2/repository/com/google/errorprone/error_prone_annotations/2.0.18/error_prone_annotations-2.0.18.jar:/Users/lisanaaa/.m2/repository/com/google/j2objc/j2objc-annotations/1.1/j2objc-annotations-1.1.jar:/Users/lisanaaa/.m2/repository/org/codehaus/mojo/animal-sniffer-annotations/1.14/animal-sniffer-annotations-1.14.jar:/Users/lisanaaa/.m2/repository/org/springframework/boot/spring-boot-test/1.4.3.RELEASE/spring-boot-test-1.4.3.RELEASE.jar:/Users/lisanaaa/.m2/repository/org/springframework/boot/spring-boot/1.5.9.RELEASE/spring-boot-1.5.9.RELEASE.jar:/Users/lisanaaa/.m2/repository/org/springframework/spring-test/5.0.6.RELEASE/spring-test-5.0.6.RELEASE.jar:/Users/lisanaaa/.m2/repository/org/springframework/spring-core/4.3.13.RELEASE/spring-core-4.3.13.RELEASE.jar:/Users/lisanaaa/.m2/repository/junit/junit/4.12/junit-4.12.jar:"/>
    <property name="https.proxyPort" value="6152"/>
    <property name="java.vm.vendor" value="Oracle Corporation"/>
    <property name="sun.arch.data.model" value="64"/>
    <property name="java.vendor.url" value="http://java.oracle.com/"/>
    <property name="user.timezone" value=""/>
    <property name="java.vm.specification.version" value="1.8"/>
    <property name="os.name" value="Mac OS X"/>
    <property name="user.country" value="CN"/>
    <property name="sun.java.launcher" value="SUN_STANDARD"/>
    <property name="sun.boot.library.path" value="/Library/Java/JavaVirtualMachines/jdk1.8.0_162.jdk/Contents/Home/jre/lib"/>
    <property name="sun.java.command" value="/Users/lisanaaa/Desktop/apitest/target/surefire/surefirebooter2993890964589332302.jar /Users/lisanaaa/Desktop/apitest/target/surefire 2018-07-27T14-47-03_966-jvmRun1 surefire5274279087756042817tmp surefire_01029104604564727832tmp"/>
    <property name="http.nonProxyHosts" value="127.0.0.1|192.168.0.0/16|*.192.168.0.0/16|10.0.0.0/8|*.10.0.0.0/8|17.0.0.0/8|*.17.0.0.0/8|172.16.0.0/12|*.172.16.0.0/12|localhost|*.localhost|local|*.local"/>
    <property name="surefire.test.class.path" value="/Users/lisanaaa/Desktop/apitest/target/test-classes:/Users/lisanaaa/Desktop/apitest/target/classes:/Users/lisanaaa/.m2/repository/io/rest-assured/spring-mock-mvc/3.1.0/spring-mock-mvc-3.1.0.jar:/Users/lisanaaa/.m2/repository/org/springframework/spring-webmvc/4.3.13.RELEASE/spring-webmvc-4.3.13.RELEASE.jar:/Users/lisanaaa/.m2/repository/org/springframework/spring-aop/4.3.13.RELEASE/spring-aop-4.3.13.RELEASE.jar:/Users/lisanaaa/.m2/repository/org/springframework/spring-beans/4.3.13.RELEASE/spring-beans-4.3.13.RELEASE.jar:/Users/lisanaaa/.m2/repository/org/springframework/spring-context/4.3.13.RELEASE/spring-context-4.3.13.RELEASE.jar:/Users/lisanaaa/.m2/repository/org/springframework/spring-expression/4.3.13.RELEASE/spring-expression-4.3.13.RELEASE.jar:/Users/lisanaaa/.m2/repository/org/springframework/spring-web/4.3.13.RELEASE/spring-web-4.3.13.RELEASE.jar:/Users/lisanaaa/.m2/repository/io/nebulas/wallet-web/1.0-SNAPSHOT/wallet-web-1.0-SNAPSHOT.jar:/Users/lisanaaa/.m2/repository/io/nebulas/wallet-service/1.1.9/wallet-service-1.1.9.jar:/Users/lisanaaa/.m2/repository/io/nebulas/wallet-common/1.0.0/wallet-common-1.0.0.jar:/Users/lisanaaa/.m2/repository/org/bouncycastle/bcpkix-jdk15on/1.56/bcpkix-jdk15on-1.56.jar:/Users/lisanaaa/.m2/repository/org/bouncycastle/bcprov-jdk15on/1.56/bcprov-jdk15on-1.56.jar:/Users/lisanaaa/.m2/repository/org/springframework/boot/spring-boot-starter-web/1.5.2.RELEASE/spring-boot-starter-web-1.5.2.RELEASE.jar:/Users/lisanaaa/.m2/repository/org/springframework/boot/spring-boot-starter/1.5.9.RELEASE/spring-boot-starter-1.5.9.RELEASE.jar:/Users/lisanaaa/.m2/repository/org/springframework/boot/spring-boot-autoconfigure/1.5.9.RELEASE/spring-boot-autoconfigure-1.5.9.RELEASE.jar:/Users/lisanaaa/.m2/repository/org/springframework/boot/spring-boot-starter-logging/1.5.9.RELEASE/spring-boot-starter-logging-1.5.9.RELEASE.jar:/Users/lisanaaa/.m2/repository/ch/qos/logback/logback-classic/1.1.11/logback-classic-1.1.11.jar:/Users/lisanaaa/.m2/repository/ch/qos/logback/logback-core/1.1.11/logback-core-1.1.11.jar:/Users/lisanaaa/.m2/repository/org/slf4j/jcl-over-slf4j/1.7.25/jcl-over-slf4j-1.7.25.jar:/Users/lisanaaa/.m2/repository/org/slf4j/jul-to-slf4j/1.7.25/jul-to-slf4j-1.7.25.jar:/Users/lisanaaa/.m2/repository/org/slf4j/log4j-over-slf4j/1.7.25/log4j-over-slf4j-1.7.25.jar:/Users/lisanaaa/.m2/repository/org/yaml/snakeyaml/1.17/snakeyaml-1.17.jar:/Users/lisanaaa/.m2/repository/org/springframework/boot/spring-boot-starter-tomcat/1.5.9.RELEASE/spring-boot-starter-tomcat-1.5.9.RELEASE.jar:/Users/lisanaaa/.m2/repository/org/apache/tomcat/embed/tomcat-embed-core/8.5.23/tomcat-embed-core-8.5.23.jar:/Users/lisanaaa/.m2/repository/org/apache/tomcat/tomcat-annotations-api/8.5.23/tomcat-annotations-api-8.5.23.jar:/Users/lisanaaa/.m2/repository/org/apache/tomcat/embed/tomcat-embed-el/8.5.23/tomcat-embed-el-8.5.23.jar:/Users/lisanaaa/.m2/repository/org/apache/tomcat/embed/tomcat-embed-websocket/8.5.23/tomcat-embed-websocket-8.5.23.jar:/Users/lisanaaa/.m2/repository/org/hibernate/hibernate-validator/5.3.6.Final/hibernate-validator-5.3.6.Final.jar:/Users/lisanaaa/.m2/repository/org/jboss/logging/jboss-logging/3.3.1.Final/jboss-logging-3.3.1.Final.jar:/Users/lisanaaa/.m2/repository/com/fasterxml/jackson/core/jackson-databind/2.8.10/jackson-databind-2.8.10.jar:/Users/lisanaaa/.m2/repository/com/fasterxml/jackson/core/jackson-annotations/2.8.0/jackson-annotations-2.8.0.jar:/Users/lisanaaa/.m2/repository/com/fasterxml/jackson/core/jackson-core/2.8.10/jackson-core-2.8.10.jar:/Users/lisanaaa/.m2/repository/org/springframework/boot/spring-boot-starter-aop/1.5.2.RELEASE/spring-boot-starter-aop-1.5.2.RELEASE.jar:/Users/lisanaaa/.m2/repository/org/aspectj/aspectjweaver/1.8.13/aspectjweaver-1.8.13.jar:/Users/lisanaaa/.m2/repository/javax/validation/validation-api/1.1.0.Final/validation-api-1.1.0.Final.jar:/Users/lisanaaa/.m2/repository/org/mybatis/spring/boot/mybatis-spring-boot-starter/1.1.1/mybatis-spring-boot-starter-1.1.1.jar:/Users/lisanaaa/.m2/repository/org/mybatis/spring/boot/mybatis-spring-boot-autoconfigure/1.1.1/mybatis-spring-boot-autoconfigure-1.1.1.jar:/Users/lisanaaa/.m2/repository/org/mybatis/mybatis/3.4.0/mybatis-3.4.0.jar:/Users/lisanaaa/.m2/repository/org/mybatis/mybatis-spring/1.3.0/mybatis-spring-1.3.0.jar:/Users/lisanaaa/.m2/repository/org/springframework/boot/spring-boot-starter-jdbc/1.5.9.RELEASE/spring-boot-starter-jdbc-1.5.9.RELEASE.jar:/Users/lisanaaa/.m2/repository/org/apache/tomcat/tomcat-jdbc/8.5.23/tomcat-jdbc-8.5.23.jar:/Users/lisanaaa/.m2/repository/org/apache/tomcat/tomcat-juli/8.5.23/tomcat-juli-8.5.23.jar:/Users/lisanaaa/.m2/repository/org/springframework/spring-jdbc/4.3.13.RELEASE/spring-jdbc-4.3.13.RELEASE.jar:/Users/lisanaaa/.m2/repository/org/springframework/spring-tx/4.3.13.RELEASE/spring-tx-4.3.13.RELEASE.jar:/Users/lisanaaa/.m2/repository/mysql/mysql-connector-java/5.1.44/mysql-connector-java-5.1.44.jar:/Users/lisanaaa/.m2/repository/com/alibaba/druid/1.1.3/druid-1.1.3.jar:/Library/Java/JavaVirtualMachines/jdk1.8.0_162.jdk/Contents/Home/jre/../lib/jconsole.jar:/Library/Java/JavaVirtualMachines/jdk1.8.0_162.jdk/Contents/Home/jre/../lib/tools.jar:/Users/lisanaaa/.m2/repository/org/apache/commons/commons-collections4/4.1/commons-collections4-4.1.jar:/Users/lisanaaa/.m2/repository/org/apache/commons/commons-lang3/3.5/commons-lang3-3.5.jar:/Users/lisanaaa/.m2/repository/joda-time/joda-time/2.9.7/joda-time-2.9.7.jar:/Users/lisanaaa/.m2/repository/com/alibaba/fastjson/1.2.41/fastjson-1.2.41.jar:/Users/lisanaaa/.m2/repository/io/springfox/springfox-swagger2/2.8.0/springfox-swagger2-2.8.0.jar:/Users/lisanaaa/.m2/repository/io/swagger/swagger-annotations/1.5.14/swagger-annotations-1.5.14.jar:/Users/lisanaaa/.m2/repository/io/swagger/swagger-models/1.5.14/swagger-models-1.5.14.jar:/Users/lisanaaa/.m2/repository/io/springfox/springfox-spi/2.8.0/springfox-spi-2.8.0.jar:/Users/lisanaaa/.m2/repository/io/springfox/springfox-core/2.8.0/springfox-core-2.8.0.jar:/Users/lisanaaa/.m2/repository/net/bytebuddy/byte-buddy/1.7.9/byte-buddy-1.7.9.jar:/Users/lisanaaa/.m2/repository/io/springfox/springfox-schema/2.8.0/springfox-schema-2.8.0.jar:/Users/lisanaaa/.m2/repository/io/springfox/springfox-swagger-common/2.8.0/springfox-swagger-common-2.8.0.jar:/Users/lisanaaa/.m2/repository/io/springfox/springfox-spring-web/2.8.0/springfox-spring-web-2.8.0.jar:/Users/lisanaaa/.m2/repository/org/reflections/reflections/0.9.11/reflections-0.9.11.jar:/Users/lisanaaa/.m2/repository/org/javassist/javassist/3.21.0-GA/javassist-3.21.0-GA.jar:/Users/lisanaaa/.m2/repository/com/fasterxml/classmate/1.3.4/classmate-1.3.4.jar:/Users/lisanaaa/.m2/repository/org/slf4j/slf4j-api/1.7.25/slf4j-api-1.7.25.jar:/Users/lisanaaa/.m2/repository/org/springframework/plugin/spring-plugin-core/1.2.0.RELEASE/spring-plugin-core-1.2.0.RELEASE.jar:/Users/lisanaaa/.m2/repository/org/springframework/plugin/spring-plugin-metadata/1.2.0.RELEASE/spring-plugin-metadata-1.2.0.RELEASE.jar:/Users/lisanaaa/.m2/repository/org/mapstruct/mapstruct/1.2.0.Final/mapstruct-1.2.0.Final.jar:/Users/lisanaaa/.m2/repository/io/springfox/springfox-swagger-ui/2.8.0/springfox-swagger-ui-2.8.0.jar:/Users/lisanaaa/.m2/repository/com/squareup/okhttp3/okhttp/3.4.2/okhttp-3.4.2.jar:/Users/lisanaaa/.m2/repository/com/squareup/okio/okio/1.9.0/okio-1.9.0.jar:/Users/lisanaaa/.m2/repository/com/squareup/okhttp3/logging-interceptor/3.4.2/logging-interceptor-3.4.2.jar:/Users/lisanaaa/.m2/repository/com/squareup/retrofit2/retrofit/2.1.0/retrofit-2.1.0.jar:/Users/lisanaaa/.m2/repository/com/squareup/retrofit2/adapter-rxjava/2.1.0/adapter-rxjava-2.1.0.jar:/Users/lisanaaa/.m2/repository/io/reactivex/rxjava/1.1.5/rxjava-1.1.5.jar:/Users/lisanaaa/.m2/repository/com/squareup/retrofit2/converter-simplexml/2.1.0/converter-simplexml-2.1.0.jar:/Users/lisanaaa/.m2/repository/com/squareup/retrofit2/converter-gson/2.3.0/converter-gson-2.3.0.jar:/Users/lisanaaa/.m2/repository/com/google/code/gson/gson/2.8.2/gson-2.8.2.jar:/Users/lisanaaa/.m2/repository/org/simpleframework/simple-xml/2.7.1/simple-xml-2.7.1.jar:/Users/lisanaaa/.m2/repository/stax/stax-api/1.0.1/stax-api-1.0.1.jar:/Users/lisanaaa/.m2/repository/stax/stax/1.2.0/stax-1.2.0.jar:/Users/lisanaaa/.m2/repository/xpp3/xpp3/1.1.3.3/xpp3-1.1.3.3.jar:/Users/lisanaaa/.m2/repository/io/grpc/grpc-all/1.10.0/grpc-all-1.10.0.jar:/Users/lisanaaa/.m2/repository/io/grpc/grpc-auth/1.10.0/grpc-auth-1.10.0.jar:/Users/lisanaaa/.m2/repository/com/google/auth/google-auth-library-credentials/0.9.0/google-auth-library-credentials-0.9.0.jar:/Users/lisanaaa/.m2/repository/io/grpc/grpc-core/1.10.0/grpc-core-1.10.0.jar:/Users/lisanaaa/.m2/repository/io/opencensus/opencensus-api/0.11.0/opencensus-api-0.11.0.jar:/Users/lisanaaa/.m2/repository/io/opencensus/opencensus-contrib-grpc-metrics/0.11.0/opencensus-contrib-grpc-metrics-0.11.0.jar:/Users/lisanaaa/.m2/repository/io/grpc/grpc-context/1.10.0/grpc-context-1.10.0.jar:/Users/lisanaaa/.m2/repository/io/grpc/grpc-netty/1.10.0/grpc-netty-1.10.0.jar:/Users/lisanaaa/.m2/repository/io/netty/netty-codec-http2/4.1.17.Final/netty-codec-http2-4.1.17.Final.jar:/Users/lisanaaa/.m2/repository/io/netty/netty-codec-http/4.1.17.Final/netty-codec-http-4.1.17.Final.jar:/Users/lisanaaa/.m2/repository/io/netty/netty-codec/4.1.17.Final/netty-codec-4.1.17.Final.jar:/Users/lisanaaa/.m2/repository/io/netty/netty-handler/4.1.17.Final/netty-handler-4.1.17.Final.jar:/Users/lisanaaa/.m2/repository/io/netty/netty-buffer/4.1.17.Final/netty-buffer-4.1.17.Final.jar:/Users/lisanaaa/.m2/repository/io/netty/netty-common/4.1.17.Final/netty-common-4.1.17.Final.jar:/Users/lisanaaa/.m2/repository/io/netty/netty-handler-proxy/4.1.17.Final/netty-handler-proxy-4.1.17.Final.jar:/Users/lisanaaa/.m2/repository/io/netty/netty-transport/4.1.17.Final/netty-transport-4.1.17.Final.jar:/Users/lisanaaa/.m2/repository/io/netty/netty-resolver/4.1.17.Final/netty-resolver-4.1.17.Final.jar:/Users/lisanaaa/.m2/repository/io/netty/netty-codec-socks/4.1.17.Final/netty-codec-socks-4.1.17.Final.jar:/Users/lisanaaa/.m2/repository/io/grpc/grpc-okhttp/1.10.0/grpc-okhttp-1.10.0.jar:/Users/lisanaaa/.m2/repository/com/squareup/okhttp/okhttp/2.5.0/okhttp-2.5.0.jar:/Users/lisanaaa/.m2/repository/io/grpc/grpc-protobuf/1.10.0/grpc-protobuf-1.10.0.jar:/Users/lisanaaa/.m2/repository/com/google/protobuf/protobuf-java/3.5.1/protobuf-java-3.5.1.jar:/Users/lisanaaa/.m2/repository/com/google/protobuf/protobuf-java-util/3.5.1/protobuf-java-util-3.5.1.jar:/Users/lisanaaa/.m2/repository/com/google/api/grpc/proto-google-common-protos/1.0.0/proto-google-common-protos-1.0.0.jar:/Users/lisanaaa/.m2/repository/io/grpc/grpc-protobuf-lite/1.10.0/grpc-protobuf-lite-1.10.0.jar:/Users/lisanaaa/.m2/repository/io/grpc/grpc-protobuf-nano/1.10.0/grpc-protobuf-nano-1.10.0.jar:/Users/lisanaaa/.m2/repository/com/google/protobuf/nano/protobuf-javanano/3.0.0-alpha-5/protobuf-javanano-3.0.0-alpha-5.jar:/Users/lisanaaa/.m2/repository/io/grpc/grpc-stub/1.10.0/grpc-stub-1.10.0.jar:/Users/lisanaaa/.m2/repository/io/grpc/grpc-testing/1.10.0/grpc-testing-1.10.0.jar:/Users/lisanaaa/.m2/repository/org/mockito/mockito-core/1.10.19/mockito-core-1.10.19.jar:/Users/lisanaaa/.m2/repository/org/objenesis/objenesis/2.1/objenesis-2.1.jar:/Users/lisanaaa/.m2/repository/org/projectlombok/lombok/1.16.16/lombok-1.16.16.jar:/Users/lisanaaa/.m2/repository/io/rest-assured/rest-assured/3.1.0/rest-assured-3.1.0.jar:/Users/lisanaaa/.m2/repository/org/codehaus/groovy/groovy/2.4.13/groovy-2.4.13.jar:/Users/lisanaaa/.m2/repository/org/codehaus/groovy/groovy-xml/2.4.13/groovy-xml-2.4.13.jar:/Users/lisanaaa/.m2/repository/org/apache/httpcomponents/httpclient/4.5.3/httpclient-4.5.3.jar:/Users/lisanaaa/.m2/repository/org/apache/httpcomponents/httpcore/4.4.8/httpcore-4.4.8.jar:/Users/lisanaaa/.m2/repository/commons-codec/commons-codec/1.10/commons-codec-1.10.jar:/Users/lisanaaa/.m2/repository/org/apache/httpcomponents/httpmime/4.5.3/httpmime-4.5.3.jar:/Users/lisanaaa/.m2/repository/org/hamcrest/hamcrest-core/1.3/hamcrest-core-1.3.jar:/Users/lisanaaa/.m2/repository/org/hamcrest/hamcrest-library/1.3/hamcrest-library-1.3.jar:/Users/lisanaaa/.m2/repository/org/ccil/cowan/tagsoup/tagsoup/1.2.1/tagsoup-1.2.1.jar:/Users/lisanaaa/.m2/repository/io/rest-assured/json-path/3.1.0/json-path-3.1.0.jar:/Users/lisanaaa/.m2/repository/org/codehaus/groovy/groovy-json/2.4.13/groovy-json-2.4.13.jar:/Users/lisanaaa/.m2/repository/io/rest-assured/rest-assured-common/3.1.0/rest-assured-common-3.1.0.jar:/Users/lisanaaa/.m2/repository/io/rest-assured/xml-path/3.1.0/xml-path-3.1.0.jar:/Users/lisanaaa/.m2/repository/javax/xml/bind/jaxb-api/2.2.12/jaxb-api-2.2.12.jar:/Users/lisanaaa/.m2/repository/io/rest-assured/json-schema-validator/3.1.0/json-schema-validator-3.1.0.jar:/Users/lisanaaa/.m2/repository/com/github/fge/json-schema-validator/2.2.6/json-schema-validator-2.2.6.jar:/Users/lisanaaa/.m2/repository/com/googlecode/libphonenumber/libphonenumber/6.2/libphonenumber-6.2.jar:/Users/lisanaaa/.m2/repository/com/github/fge/json-schema-core/1.2.5/json-schema-core-1.2.5.jar:/Users/lisanaaa/.m2/repository/com/github/fge/uri-template/0.9/uri-template-0.9.jar:/Users/lisanaaa/.m2/repository/com/github/fge/msg-simple/1.1/msg-simple-1.1.jar:/Users/lisanaaa/.m2/repository/com/github/fge/btf/1.2/btf-1.2.jar:/Users/lisanaaa/.m2/repository/com/github/fge/jackson-coreutils/1.8/jackson-coreutils-1.8.jar:/Users/lisanaaa/.m2/repository/org/mozilla/rhino/1.7R4/rhino-1.7R4.jar:/Users/lisanaaa/.m2/repository/javax/mail/mailapi/1.4.3/mailapi-1.4.3.jar:/Users/lisanaaa/.m2/repository/javax/activation/activation/1.1/activation-1.1.jar:/Users/lisanaaa/.m2/repository/net/sf/jopt-simple/jopt-simple/4.6/jopt-simple-4.6.jar:/Users/lisanaaa/.m2/repository/com/google/guava/guava/23.0/guava-23.0.jar:/Users/lisanaaa/.m2/repository/com/google/code/findbugs/jsr305/1.3.9/jsr305-1.3.9.jar:/Users/lisanaaa/.m2/repository/com/google/errorprone/error_prone_annotations/2.0.18/error_prone_annotations-2.0.18.jar:/Users/lisanaaa/.m2/repository/com/google/j2objc/j2objc-annotations/1.1/j2objc-annotations-1.1.jar:/Users/lisanaaa/.m2/repository/org/codehaus/mojo/animal-sniffer-annotations/1.14/animal-sniffer-annotations-1.14.jar:/Users/lisanaaa/.m2/repository/org/springframework/boot/spring-boot-test/1.4.3.RELEASE/spring-boot-test-1.4.3.RELEASE.jar:/Users/lisanaaa/.m2/repository/org/springframework/boot/spring-boot/1.5.9.RELEASE/spring-boot-1.5.9.RELEASE.jar:/Users/lisanaaa/.m2/repository/org/springframework/spring-test/5.0.6.RELEASE/spring-test-5.0.6.RELEASE.jar:/Users/lisanaaa/.m2/repository/org/springframework/spring-core/4.3.13.RELEASE/spring-core-4.3.13.RELEASE.jar:/Users/lisanaaa/.m2/repository/junit/junit/4.12/junit-4.12.jar:"/>
    <property name="sun.cpu.endian" value="little"/>
    <property name="user.home" value="/Users/lisanaaa"/>
    <property name="user.language" value="zh"/>
    <property name="java.specification.vendor" value="Oracle Corporation"/>
    <property name="java.home" value="/Library/Java/JavaVirtualMachines/jdk1.8.0_162.jdk/Contents/Home/jre"/>
    <property name="basedir" value="/Users/lisanaaa/Desktop/apitest"/>
    <property name="https.proxyHost" value="127.0.0.1"/>
    <property name="file.separator" value="/"/>
    <property name="line.separator" value="&#10;"/>
    <property name="java.vm.specification.vendor" value="Oracle Corporation"/>
    <property name="java.specification.name" value="Java Platform API Specification"/>
    <property name="java.awt.graphicsenv" value="sun.awt.CGraphicsEnvironment"/>
    <property name="surefire.real.class.path" value="/Users/lisanaaa/Desktop/apitest/target/surefire/surefirebooter2993890964589332302.jar"/>
    <property name="sun.boot.class.path" value="/Library/Java/JavaVirtualMachines/jdk1.8.0_162.jdk/Contents/Home/jre/lib/resources.jar:/Library/Java/JavaVirtualMachines/jdk1.8.0_162.jdk/Contents/Home/jre/lib/rt.jar:/Library/Java/JavaVirtualMachines/jdk1.8.0_162.jdk/Contents/Home/jre/lib/sunrsasign.jar:/Library/Java/JavaVirtualMachines/jdk1.8.0_162.jdk/Contents/Home/jre/lib/jsse.jar:/Library/Java/JavaVirtualMachines/jdk1.8.0_162.jdk/Contents/Home/jre/lib/jce.jar:/Library/Java/JavaVirtualMachines/jdk1.8.0_162.jdk/Contents/Home/jre/lib/charsets.jar:/Library/Java/JavaVirtualMachines/jdk1.8.0_162.jdk/Contents/Home/jre/lib/jfr.jar:/Library/Java/JavaVirtualMachines/jdk1.8.0_162.jdk/Contents/Home/jre/classes"/>
    <property name="sun.management.compiler" value="HotSpot 64-Bit Tiered Compilers"/>
    <property name="ftp.nonProxyHosts" value="127.0.0.1|192.168.0.0/16|*.192.168.0.0/16|10.0.0.0/8|*.10.0.0.0/8|17.0.0.0/8|*.17.0.0.0/8|172.16.0.0/12|*.172.16.0.0/12|localhost|*.localhost|local|*.local"/>
    <property name="java.runtime.version" value="1.8.0_162-b12"/>
    <property name="user.name" value="lisanaaa"/>
    <property name="path.separator" value=":"/>
    <property name="os.version" value="10.13.1"/>
    <property name="java.endorsed.dirs" value="/Library/Java/JavaVirtualMachines/jdk1.8.0_162.jdk/Contents/Home/jre/lib/endorsed"/>
    <property name="java.runtime.name" value="Java(TM) SE Runtime Environment"/>
    <property name="file.encoding" value="US-ASCII"/>
    <property name="java.vm.name" value="Java HotSpot(TM) 64-Bit Server VM"/>
    <property name="localRepository" value="/Users/lisanaaa/.m2/repository"/>
    <property name="java.vendor.url.bug" value="http://bugreport.sun.com/bugreport/"/>
    <property name="java.io.tmpdir" value="/var/folders/tc/sdkqld411gngnqv0cg0bzspw0000gn/T/"/>
    <property name="idea.version" value="2017.2.6"/>
    <property name="java.version" value="1.8.0_162"/>
    <property name="user.dir" value="/Users/lisanaaa/Desktop/apitest"/>
    <property name="os.arch" value="x86_64"/>
    <property name="socksProxyPort" value="6153"/>
    <property name="java.vm.specification.name" value="Java Virtual Machine Specification"/>
    <property name="java.awt.printerjob" value="sun.lwawt.macosx.CPrinterJob"/>
    <property name="user.language.format" value="en"/>
    <property name="sun.os.patch.level" value="unknown"/>
    <property name="java.library.path" value="/Users/lisanaaa/Library/Java/Extensions:/Library/Java/Extensions:/Network/Library/Java/Extensions:/System/Library/Java/Extensions:/usr/lib/java:."/>
    <property name="java.vm.info" value="mixed mode"/>
    <property name="java.vendor" value="Oracle Corporation"/>
    <property name="java.vm.version" value="25.162-b12"/>
    <property name="java.ext.dirs" value="/Users/lisanaaa/Library/Java/Extensions:/Library/Java/JavaVirtualMachines/jdk1.8.0_162.jdk/Contents/Home/jre/lib/ext:/Library/Java/Extensions:/Network/Library/Java/Extensions:/System/Library/Java/Extensions:/usr/lib/java"/>
    <property name="sun.io.unicode.encoding" value="UnicodeBig"/>
    <property name="java.class.version" value="52.0"/>
    <property name="socksNonProxyHosts" value="127.0.0.1|192.168.0.0/16|*.192.168.0.0/16|10.0.0.0/8|*.10.0.0.0/8|17.0.0.0/8|*.17.0.0.0/8|172.16.0.0/12|*.172.16.0.0/12|localhost|*.localhost|local|*.local"/>
    <property name="http.proxyPort" value="6152"/>
  </properties>
  <testcase name="shouldAnswerWithTrue" classname="io.nebulas.apitest.ApiTestBootstrapTest" time="0"/>
</testsuite>